<?xml version="1.0" encoding="UTF-8" ?>
<testsuite failures="0" time="0.543" errors="0" skipped="0" tests="2" name="com.rackspace.cloud.sense.config.SenseXmlConfigurationTest">
  <properties>
[...]
</properties>
  <testcase time="0.503" classname="com.rackspace.cloud.sense.config.SenseXmlConfigurationTest$WhenReadingInStreamConfigurations" name="shouldReadConfigurations"/>
  <testcase time="0.022" classname="com.rackspace.cloud.sense.config.SenseXmlConfigurationTest$WhenReadingInStreamConfigurations" name="shouldMarshalResourcesCorrectly"/>
</testsuite>